GPU memory is free enough. Running Python script...
Epoch 1
-------------------------------
/storage/projects2/e17-4yp-compreh-ecg-analysis/minicondaInst/envs/test/lib/python3.11/site-packages/torch/nn/modules/conv.py:309: UserWarning: Using padding='same' with even kernel lengths and odd dilation may require a zero-padded copy of the input be created (Triggered internally at /opt/conda/conda-bld/pytorch_1682343970094/work/aten/src/ATen/native/Convolution.cpp:1003.)
  return F.conv1d(input, weight, bias, self.stride,
/storage/projects2/e17-4yp-compreh-ecg-analysis/minicondaInst/envs/test/lib/python3.11/site-packages/torch/nn/modules/loss.py:536: UserWarning: Using a target size (torch.Size([512])) that is different to the input size (torch.Size([512, 1])). This will likely lead to incorrect results due to broadcasting. Please ensure they have the same size.
  return F.mse_loss(input, target, reduction=self.reduction)
/storage/projects2/e17-4yp-compreh-ecg-analysis/minicondaInst/envs/test/lib/python3.11/site-packages/torch/nn/modules/loss.py:536: UserWarning: Using a target size (torch.Size([272])) that is different to the input size (torch.Size([272, 1])). This will likely lead to incorrect results due to broadcasting. Please ensure they have the same size.
  return F.mse_loss(input, target, reduction=self.reduction)
/storage/projects2/e17-4yp-compreh-ecg-analysis/minicondaInst/envs/test/lib/python3.11/site-packages/torch/nn/modules/loss.py:536: UserWarning: Using a target size (torch.Size([452])) that is different to the input size (torch.Size([452, 1])). This will likely lead to incorrect results due to broadcasting. Please ensure they have the same size.
  return F.mse_loss(input, target, reduction=self.reduction)
Epoch 2
-------------------------------
Epoch 3
-------------------------------
Epoch 4
-------------------------------
Epoch 5
-------------------------------
Epoch 6
-------------------------------
Epoch 7
-------------------------------
Epoch 8
-------------------------------
Epoch 9
-------------------------------
Epoch 10
-------------------------------
Epoch 11
-------------------------------
Epoch 12
-------------------------------
Epoch 13
-------------------------------
Epoch 14
-------------------------------
Epoch 15
-------------------------------
Epoch 16
-------------------------------
Epoch 17
-------------------------------
Epoch 18
-------------------------------
Epoch 19
-------------------------------
Epoch 20
-------------------------------
Epoch 21
-------------------------------
Epoch 22
-------------------------------
Epoch 23
-------------------------------
Epoch 24
-------------------------------
Epoch 25
-------------------------------
Epoch 26
-------------------------------
Epoch 27
-------------------------------
Epoch 28
-------------------------------
Epoch 29
-------------------------------
Epoch 30
-------------------------------
Epoch 31
-------------------------------
Epoch 32
-------------------------------
Epoch 33
-------------------------------
Epoch 34
-------------------------------
Epoch 35
-------------------------------
Epoch 36
-------------------------------
Epoch 37
-------------------------------
Epoch 38
-------------------------------
Epoch 39
-------------------------------
Epoch 40
-------------------------------
Epoch 41
-------------------------------
Epoch 42
-------------------------------
Epoch 43
-------------------------------
Epoch 44
-------------------------------
Epoch 45
-------------------------------
Epoch 46
-------------------------------
Epoch 47
-------------------------------
Epoch 48
-------------------------------
Epoch 49
-------------------------------
Epoch 50
-------------------------------
Epoch 51
-------------------------------
Epoch 52
-------------------------------
Epoch 53
-------------------------------
Epoch 54
-------------------------------
Epoch 55
-------------------------------
Epoch 56
-------------------------------
Epoch 57
-------------------------------
Epoch 58
-------------------------------
Epoch 59
-------------------------------
Epoch 60
-------------------------------
Epoch 61
-------------------------------
Epoch 62
-------------------------------
Epoch 63
-------------------------------
Epoch 64
-------------------------------
Epoch 65
-------------------------------
Epoch 66
-------------------------------
Epoch 67
-------------------------------
Epoch 68
-------------------------------
Epoch 69
-------------------------------
Epoch 70
-------------------------------
Epoch 71
-------------------------------
Epoch 72
-------------------------------
Epoch 73
-------------------------------
Epoch 74
-------------------------------
Epoch 75
-------------------------------
Epoch 76
-------------------------------
Epoch 77
-------------------------------
Epoch 78
-------------------------------
Epoch 79
-------------------------------
Epoch 80
-------------------------------
Epoch 81
-------------------------------
Epoch 82
-------------------------------
Epoch 83
-------------------------------
Epoch 84
-------------------------------
Epoch 85
-------------------------------
Epoch 86
-------------------------------
Epoch 87
-------------------------------
Epoch 88
-------------------------------
Epoch 89
-------------------------------
Epoch 90
-------------------------------
Epoch 91
-------------------------------
Epoch 92
-------------------------------
Epoch 93
-------------------------------
Epoch 94
-------------------------------
Epoch 95
-------------------------------
Epoch 96
-------------------------------
Epoch 97
-------------------------------
Epoch 98
-------------------------------
Epoch 99
-------------------------------
Epoch 100
-------------------------------
Epoch 1
-------------------------------
Epoch 2
-------------------------------
Epoch 3
-------------------------------
Epoch 4
-------------------------------
Epoch 5
-------------------------------
Epoch 6
-------------------------------
Epoch 7
-------------------------------
Epoch 8
-------------------------------
Epoch 9
-------------------------------
Epoch 10
-------------------------------
Epoch 11
-------------------------------
Epoch 12
-------------------------------
Epoch 13
-------------------------------
Epoch 14
-------------------------------
Epoch 15
-------------------------------
Epoch 16
-------------------------------
Epoch 17
-------------------------------
Epoch 18
-------------------------------
Epoch 19
-------------------------------
Epoch 20
-------------------------------
Epoch 21
-------------------------------
Epoch 22
-------------------------------
Epoch 23
-------------------------------
Epoch 24
-------------------------------
Epoch 25
-------------------------------
Epoch 26
-------------------------------
Epoch 27
-------------------------------
Epoch 28
-------------------------------
Epoch 29
-------------------------------
Epoch 30
-------------------------------
Epoch 31
-------------------------------
Epoch 32
-------------------------------
Epoch 33
-------------------------------
Epoch 34
-------------------------------
Epoch 35
-------------------------------
Epoch 36
-------------------------------
Epoch 37
-------------------------------
Epoch 38
-------------------------------
Epoch 39
-------------------------------
Epoch 40
-------------------------------
Epoch 41
-------------------------------
Epoch 42
-------------------------------
Epoch 43
-------------------------------
Epoch 44
-------------------------------
Epoch 45
-------------------------------
Epoch 46
-------------------------------
Epoch 47
-------------------------------
Epoch 48
-------------------------------
Epoch 49
-------------------------------
Epoch 50
-------------------------------
Epoch 51
-------------------------------
Epoch 52
-------------------------------
Epoch 53
-------------------------------
Epoch 54
-------------------------------
Epoch 55
-------------------------------
Epoch 56
-------------------------------
Epoch 57
-------------------------------
Epoch 58
-------------------------------
Epoch 59
-------------------------------
Epoch 60
-------------------------------
Epoch 61
-------------------------------
Epoch 62
-------------------------------
Epoch 63
-------------------------------
Epoch 64
-------------------------------
Epoch 65
-------------------------------
Epoch 66
-------------------------------
Epoch 67
-------------------------------
Epoch 68
-------------------------------
Epoch 69
-------------------------------
Epoch 70
-------------------------------
Epoch 71
-------------------------------
Epoch 72
-------------------------------
Epoch 73
-------------------------------
Epoch 74
-------------------------------
Epoch 75
-------------------------------
Epoch 76
-------------------------------
Epoch 77
-------------------------------
Epoch 78
-------------------------------
Epoch 79
-------------------------------
Epoch 80
-------------------------------
Epoch 81
-------------------------------
Epoch 82
-------------------------------
Epoch 83
-------------------------------
Epoch 84
-------------------------------
Epoch 85
-------------------------------
Epoch 86
-------------------------------
Epoch 87
-------------------------------
Epoch 88
-------------------------------
Epoch 89
-------------------------------
Epoch 90
-------------------------------
Epoch 91
-------------------------------
Epoch 92
-------------------------------
Epoch 93
-------------------------------
Epoch 94
-------------------------------
Epoch 95
-------------------------------
Epoch 96
-------------------------------
Epoch 97
-------------------------------
Epoch 98
-------------------------------
Epoch 99
-------------------------------
Epoch 100
-------------------------------
Epoch 1
-------------------------------
Epoch 2
-------------------------------
Epoch 3
-------------------------------
Epoch 4
-------------------------------
Epoch 5
-------------------------------
Epoch 6
-------------------------------
Epoch 7
-------------------------------
Epoch 8
-------------------------------
Epoch 9
-------------------------------
Epoch 10
-------------------------------
Epoch 11
-------------------------------
Epoch 12
-------------------------------
Epoch 13
-------------------------------
Epoch 14
-------------------------------
Epoch 15
-------------------------------
Epoch 16
-------------------------------
Epoch 17
-------------------------------
Epoch 18
-------------------------------
Epoch 19
-------------------------------
Epoch 20
-------------------------------
Epoch 21
-------------------------------
Epoch 22
-------------------------------
Epoch 23
-------------------------------
Epoch 24
-------------------------------
Epoch 25
-------------------------------
Epoch 26
-------------------------------
Epoch 27
-------------------------------
Epoch 28
-------------------------------
Epoch 29
-------------------------------
Epoch 30
-------------------------------
Epoch 31
-------------------------------
Epoch 32
-------------------------------
Epoch 33
-------------------------------
Epoch 34
-------------------------------
Epoch 35
-------------------------------
Epoch 36
-------------------------------
Epoch 37
-------------------------------
Epoch 38
-------------------------------
Epoch 39
-------------------------------
Epoch 40
-------------------------------
Epoch 41
-------------------------------
Epoch 42
-------------------------------
Epoch 43
-------------------------------
Epoch 44
-------------------------------
Epoch 45
-------------------------------
Epoch 46
-------------------------------
Epoch 47
-------------------------------
Epoch 48
-------------------------------
Epoch 49
-------------------------------
Epoch 50
-------------------------------
Epoch 51
-------------------------------
Epoch 52
-------------------------------
Epoch 53
-------------------------------
Epoch 54
-------------------------------
Epoch 55
-------------------------------
Epoch 56
-------------------------------
Epoch 57
-------------------------------
Epoch 58
-------------------------------
Epoch 59
-------------------------------
Epoch 60
-------------------------------
Epoch 61
-------------------------------
Epoch 62
-------------------------------
Epoch 63
-------------------------------
Epoch 64
-------------------------------
Epoch 65
-------------------------------
Epoch 66
-------------------------------
Epoch 67
-------------------------------
Epoch 68
-------------------------------
Epoch 69
-------------------------------
Epoch 70
-------------------------------
Epoch 71
-------------------------------
Epoch 72
-------------------------------
Epoch 73
-------------------------------
Epoch 74
-------------------------------
Epoch 75
-------------------------------
Epoch 76
-------------------------------
Epoch 77
-------------------------------
Epoch 78
-------------------------------
Epoch 79
-------------------------------
Epoch 80
-------------------------------
Epoch 81
-------------------------------
Epoch 82
-------------------------------
Epoch 83
-------------------------------
Epoch 84
-------------------------------
Epoch 85
-------------------------------
Epoch 86
-------------------------------
Epoch 87
-------------------------------
Epoch 88
-------------------------------
Epoch 89
-------------------------------
Epoch 90
-------------------------------
Epoch 91
-------------------------------
Epoch 92
-------------------------------
Epoch 93
-------------------------------
Epoch 94
-------------------------------
Epoch 95
-------------------------------
Epoch 96
-------------------------------
Epoch 97
-------------------------------
Epoch 98
-------------------------------
Epoch 99
-------------------------------
Epoch 100
-------------------------------
Epoch 1
-------------------------------
/storage/projects2/e17-4yp-compreh-ecg-analysis/minicondaInst/envs/test/lib/python3.11/site-packages/torch/nn/modules/loss.py:536: UserWarning: Using a target size (torch.Size([512])) that is different to the input size (torch.Size([512, 1])). This will likely lead to incorrect results due to broadcasting. Please ensure they have the same size.
  return F.mse_loss(input, target, reduction=self.reduction)
/storage/projects2/e17-4yp-compreh-ecg-analysis/minicondaInst/envs/test/lib/python3.11/site-packages/torch/nn/modules/loss.py:536: UserWarning: Using a target size (torch.Size([272])) that is different to the input size (torch.Size([272, 1])). This will likely lead to incorrect results due to broadcasting. Please ensure they have the same size.
  return F.mse_loss(input, target, reduction=self.reduction)
/storage/projects2/e17-4yp-compreh-ecg-analysis/minicondaInst/envs/test/lib/python3.11/site-packages/torch/nn/modules/loss.py:536: UserWarning: Using a target size (torch.Size([452])) that is different to the input size (torch.Size([452, 1])). This will likely lead to incorrect results due to broadcasting. Please ensure they have the same size.
  return F.mse_loss(input, target, reduction=self.reduction)
Epoch 2
-------------------------------
Epoch 3
-------------------------------
Epoch 4
-------------------------------
Epoch 5
-------------------------------
Epoch 6
-------------------------------
Epoch 7
-------------------------------
Epoch 8
-------------------------------
Epoch 9
-------------------------------
Epoch 10
-------------------------------
Epoch 11
-------------------------------
Epoch 12
-------------------------------
Epoch 13
-------------------------------
Epoch 14
-------------------------------
Epoch 15
-------------------------------
Epoch 16
-------------------------------
Epoch 17
-------------------------------
Epoch 18
-------------------------------
Epoch 19
-------------------------------
Epoch 20
-------------------------------
Epoch 21
-------------------------------
Epoch 22
-------------------------------
Epoch 23
-------------------------------
Epoch 24
-------------------------------
Epoch 25
-------------------------------
Epoch 26
-------------------------------
Epoch 27
-------------------------------
Epoch 28
-------------------------------
Epoch 29
-------------------------------
Epoch 30
-------------------------------
Epoch 31
-------------------------------
Epoch 32
-------------------------------
Epoch 33
-------------------------------
Epoch 34
-------------------------------
Epoch 35
-------------------------------
Epoch 36
-------------------------------
Epoch 37
-------------------------------
Epoch 38
-------------------------------
Epoch 39
-------------------------------
Epoch 40
-------------------------------
Epoch 41
-------------------------------
Epoch 42
-------------------------------
Epoch 43
-------------------------------
Epoch 44
-------------------------------
Epoch 45
-------------------------------
Epoch 46
-------------------------------
Epoch 47
-------------------------------
Epoch 48
-------------------------------
Epoch 49
-------------------------------
Epoch 50
-------------------------------
Epoch 51
-------------------------------
Epoch 52
-------------------------------
Epoch 53
-------------------------------
Epoch 54
-------------------------------
Epoch 55
-------------------------------
Epoch 56
-------------------------------
Epoch 57
-------------------------------
Epoch 58
-------------------------------
Epoch 59
-------------------------------
Epoch 60
-------------------------------
Epoch 61
-------------------------------
Epoch 62
-------------------------------
Epoch 63
-------------------------------
Epoch 64
-------------------------------
Epoch 65
-------------------------------
Epoch 66
-------------------------------
Epoch 67
-------------------------------
Epoch 68
-------------------------------
Epoch 69
-------------------------------
Epoch 70
-------------------------------
Epoch 71
-------------------------------
Epoch 72
-------------------------------
Epoch 73
-------------------------------
Epoch 74
-------------------------------
Epoch 75
-------------------------------
Epoch 76
-------------------------------
Epoch 77
-------------------------------
Epoch 78
-------------------------------
Epoch 79
-------------------------------
Epoch 80
-------------------------------
Epoch 81
-------------------------------
Epoch 82
-------------------------------
Epoch 83
-------------------------------
Epoch 84
-------------------------------
Epoch 85
-------------------------------
Epoch 86
-------------------------------
Epoch 87
-------------------------------
Epoch 88
-------------------------------
Epoch 89
-------------------------------
Epoch 90
-------------------------------
Epoch 91
-------------------------------
Epoch 92
-------------------------------
Epoch 93
-------------------------------
Epoch 94
-------------------------------
Epoch 95
-------------------------------
Epoch 96
-------------------------------
Epoch 97
-------------------------------
Epoch 98
-------------------------------
Epoch 99
-------------------------------
Epoch 100
-------------------------------
Epoch 1
-------------------------------
Epoch 2
-------------------------------
Epoch 3
-------------------------------
Epoch 4
-------------------------------
Epoch 5
-------------------------------
Epoch 6
-------------------------------
Epoch 7
-------------------------------
Epoch 8
-------------------------------
Epoch 9
-------------------------------
Epoch 10
-------------------------------
Epoch 11
-------------------------------
Epoch 12
-------------------------------
Epoch 13
-------------------------------
Epoch 14
-------------------------------
Epoch 15
-------------------------------
Epoch 16
-------------------------------
Epoch 17
-------------------------------
Epoch 18
-------------------------------
Epoch 19
-------------------------------
Epoch 20
-------------------------------
Epoch 21
-------------------------------
Epoch 22
-------------------------------
Epoch 23
-------------------------------
Epoch 24
-------------------------------
Epoch 25
-------------------------------
Epoch 26
-------------------------------
Epoch 27
-------------------------------
Epoch 28
-------------------------------
Epoch 29
-------------------------------
Epoch 30
-------------------------------
Epoch 31
-------------------------------
Epoch 32
-------------------------------
Epoch 33
-------------------------------
Epoch 34
-------------------------------
Epoch 35
-------------------------------
Epoch 36
-------------------------------
Epoch 37
-------------------------------
Epoch 38
-------------------------------
Epoch 39
-------------------------------
Epoch 40
-------------------------------
Epoch 41
-------------------------------
Epoch 42
-------------------------------
Epoch 43
-------------------------------
Epoch 44
-------------------------------
Epoch 45
-------------------------------
Epoch 46
-------------------------------
Epoch 47
-------------------------------
Epoch 48
-------------------------------
Epoch 49
-------------------------------
Epoch 50
-------------------------------
Epoch 51
-------------------------------
Epoch 52
-------------------------------
Epoch 53
-------------------------------
Epoch 54
-------------------------------
Epoch 55
-------------------------------
Epoch 56
-------------------------------
Epoch 57
-------------------------------
Epoch 58
-------------------------------
Epoch 59
-------------------------------
Epoch 60
-------------------------------
Epoch 61
-------------------------------
Epoch 62
-------------------------------
Epoch 63
-------------------------------
Epoch 64
-------------------------------
Epoch 65
-------------------------------
Epoch 66
-------------------------------
Epoch 67
-------------------------------
Epoch 68
-------------------------------
Epoch 69
-------------------------------
Epoch 70
-------------------------------
Epoch 71
-------------------------------
Epoch 72
-------------------------------
Epoch 73
-------------------------------
Epoch 74
-------------------------------
Epoch 75
-------------------------------
Epoch 76
-------------------------------
Epoch 77
-------------------------------
Epoch 78
-------------------------------
Epoch 79
-------------------------------
Epoch 80
-------------------------------
Epoch 81
-------------------------------
Epoch 82
-------------------------------
Epoch 83
-------------------------------
Epoch 84
-------------------------------
Epoch 85
-------------------------------
Epoch 86
-------------------------------
Epoch 87
-------------------------------
Epoch 88
-------------------------------
Epoch 89
-------------------------------
Epoch 90
-------------------------------
Epoch 91
-------------------------------
Epoch 92
-------------------------------
Epoch 93
-------------------------------
Epoch 94
-------------------------------
Epoch 95
-------------------------------
Epoch 96
-------------------------------
Epoch 97
-------------------------------
Epoch 98
-------------------------------
Epoch 99
-------------------------------
Epoch 100
-------------------------------
Epoch 1
-------------------------------
Epoch 2
-------------------------------
Epoch 3
-------------------------------
Epoch 4
-------------------------------
Epoch 5
-------------------------------
Epoch 6
-------------------------------
Epoch 7
-------------------------------
Epoch 8
-------------------------------
Epoch 9
-------------------------------
Epoch 10
-------------------------------
Epoch 11
-------------------------------
Epoch 12
-------------------------------
Epoch 13
-------------------------------
Epoch 14
-------------------------------
Epoch 15
-------------------------------
Epoch 16
-------------------------------
Epoch 17
-------------------------------
Epoch 18
-------------------------------
Epoch 19
-------------------------------
Epoch 20
-------------------------------
Epoch 21
-------------------------------
Epoch 22
-------------------------------
Epoch 23
-------------------------------
Epoch 24
-------------------------------
Epoch 25
-------------------------------
Epoch 26
-------------------------------
Epoch 27
-------------------------------
Epoch 28
-------------------------------
Epoch 29
-------------------------------
Epoch 30
-------------------------------
Epoch 31
-------------------------------
Epoch 32
-------------------------------
Epoch 33
-------------------------------
Epoch 34
-------------------------------
Epoch 35
-------------------------------
Epoch 36
-------------------------------
Epoch 37
-------------------------------
Epoch 38
-------------------------------
Epoch 39
-------------------------------
Epoch 40
-------------------------------
Epoch 41
-------------------------------
Epoch 42
-------------------------------
Epoch 43
-------------------------------
Epoch 44
-------------------------------
Epoch 45
-------------------------------
Epoch 46
-------------------------------
Epoch 47
-------------------------------
Epoch 48
-------------------------------
Epoch 49
-------------------------------
Epoch 50
-------------------------------
Epoch 51
-------------------------------
Epoch 52
-------------------------------
Epoch 53
-------------------------------
Epoch 54
-------------------------------
Epoch 55
-------------------------------
Epoch 56
-------------------------------
Epoch 57
-------------------------------
Epoch 58
-------------------------------
Epoch 59
-------------------------------
Epoch 60
-------------------------------
Epoch 61
-------------------------------
Epoch 62
-------------------------------
Epoch 63
-------------------------------
Epoch 64
-------------------------------
Epoch 65
-------------------------------
Epoch 66
-------------------------------
Epoch 67
-------------------------------
Epoch 68
-------------------------------
Epoch 69
-------------------------------
Epoch 70
-------------------------------
Epoch 71
-------------------------------
Epoch 72
-------------------------------
Epoch 73
-------------------------------
Epoch 74
-------------------------------
Epoch 75
-------------------------------
Epoch 76
-------------------------------
Epoch 77
-------------------------------
Epoch 78
-------------------------------
Epoch 79
-------------------------------
Epoch 80
-------------------------------
Epoch 81
-------------------------------
Epoch 82
-------------------------------
Epoch 83
-------------------------------
Epoch 84
-------------------------------
Epoch 85
-------------------------------
Epoch 86
-------------------------------
Epoch 87
-------------------------------
Epoch 88
-------------------------------
Epoch 89
-------------------------------
Epoch 90
-------------------------------
Epoch 91
-------------------------------
Epoch 92
-------------------------------
Epoch 93
-------------------------------
Epoch 94
-------------------------------
Epoch 95
-------------------------------
Epoch 96
-------------------------------
Epoch 97
-------------------------------
Epoch 98
-------------------------------
Epoch 99
-------------------------------
Epoch 100
-------------------------------
Epoch 1
-------------------------------
/storage/projects2/e17-4yp-compreh-ecg-analysis/minicondaInst/envs/test/lib/python3.11/site-packages/torch/nn/modules/loss.py:536: UserWarning: Using a target size (torch.Size([512])) that is different to the input size (torch.Size([512, 1])). This will likely lead to incorrect results due to broadcasting. Please ensure they have the same size.
  return F.mse_loss(input, target, reduction=self.reduction)
/storage/projects2/e17-4yp-compreh-ecg-analysis/minicondaInst/envs/test/lib/python3.11/site-packages/torch/nn/modules/loss.py:536: UserWarning: Using a target size (torch.Size([272])) that is different to the input size (torch.Size([272, 1])). This will likely lead to incorrect results due to broadcasting. Please ensure they have the same size.
  return F.mse_loss(input, target, reduction=self.reduction)
/storage/projects2/e17-4yp-compreh-ecg-analysis/minicondaInst/envs/test/lib/python3.11/site-packages/torch/nn/modules/loss.py:536: UserWarning: Using a target size (torch.Size([452])) that is different to the input size (torch.Size([452, 1])). This will likely lead to incorrect results due to broadcasting. Please ensure they have the same size.
  return F.mse_loss(input, target, reduction=self.reduction)
Epoch 2
-------------------------------
Epoch 3
-------------------------------
Epoch 4
-------------------------------
Epoch 5
-------------------------------
Epoch 6
-------------------------------
Epoch 7
-------------------------------
Epoch 8
-------------------------------
Epoch 9
-------------------------------
Epoch 10
-------------------------------
Epoch 11
-------------------------------
Epoch 12
-------------------------------
Epoch 13
-------------------------------
Epoch 14
-------------------------------
Epoch 15
-------------------------------
Epoch 16
-------------------------------
Epoch 17
-------------------------------
Epoch 18
-------------------------------
Epoch 19
-------------------------------
Epoch 20
-------------------------------
Epoch 21
-------------------------------
Epoch 22
-------------------------------
Epoch 23
-------------------------------
Epoch 24
-------------------------------
Epoch 25
-------------------------------
Epoch 26
-------------------------------
Epoch 27
-------------------------------
Epoch 28
-------------------------------
Epoch 29
-------------------------------
Epoch 30
-------------------------------
Epoch 31
-------------------------------
Epoch 32
-------------------------------
Epoch 33
-------------------------------
Epoch 34
-------------------------------
Epoch 35
-------------------------------
Epoch 36
-------------------------------
Epoch 37
-------------------------------
Epoch 38
-------------------------------
Epoch 39
-------------------------------
Epoch 40
-------------------------------
Epoch 41
-------------------------------
Epoch 42
-------------------------------
Epoch 43
-------------------------------
Epoch 44
-------------------------------
Epoch 45
-------------------------------
Epoch 46
-------------------------------
Epoch 47
-------------------------------
Epoch 48
-------------------------------
Epoch 49
-------------------------------
Epoch 50
-------------------------------
Epoch 51
-------------------------------
Epoch 52
-------------------------------
Epoch 53
-------------------------------
Epoch 54
-------------------------------
Epoch 55
-------------------------------
Epoch 56
-------------------------------
Epoch 57
-------------------------------
Epoch 58
-------------------------------
Epoch 59
-------------------------------
Epoch 60
-------------------------------
Epoch 61
-------------------------------
Epoch 62
-------------------------------
Epoch 63
-------------------------------
Epoch 64
-------------------------------
Epoch 65
-------------------------------
Epoch 66
-------------------------------
Epoch 67
-------------------------------
Epoch 68
-------------------------------
Epoch 69
-------------------------------
Epoch 70
-------------------------------
Epoch 71
-------------------------------
Epoch 72
-------------------------------
Epoch 73
-------------------------------
Epoch 74
-------------------------------
Epoch 75
-------------------------------
Epoch 76
-------------------------------
Epoch 77
-------------------------------
Epoch 78
-------------------------------
Epoch 79
-------------------------------
Epoch 80
-------------------------------
Epoch 81
-------------------------------
Epoch 82
-------------------------------
Epoch 83
-------------------------------
Epoch 84
-------------------------------
Epoch 85
-------------------------------
Epoch 86
-------------------------------
Epoch 87
-------------------------------
Epoch 88
-------------------------------
Epoch 89
-------------------------------
Epoch 90
-------------------------------
Epoch 91
-------------------------------
Epoch 92
-------------------------------
Epoch 93
-------------------------------
Epoch 94
-------------------------------
Epoch 95
-------------------------------
Epoch 96
-------------------------------
Epoch 97
-------------------------------
Epoch 98
-------------------------------
Epoch 99
-------------------------------
Epoch 100
-------------------------------
Epoch 1
-------------------------------
Epoch 2
-------------------------------
Epoch 3
-------------------------------
Epoch 4
-------------------------------
Epoch 5
-------------------------------
Epoch 6
-------------------------------
Epoch 7
-------------------------------
Epoch 8
-------------------------------
Epoch 9
-------------------------------
Epoch 10
-------------------------------
Epoch 11
-------------------------------
Epoch 12
-------------------------------
Epoch 13
-------------------------------
Epoch 14
-------------------------------
Epoch 15
-------------------------------
Epoch 16
-------------------------------
Epoch 17
-------------------------------
Epoch 18
-------------------------------
Epoch 19
-------------------------------
Epoch 20
-------------------------------
Epoch 21
-------------------------------
Epoch 22
-------------------------------
Epoch 23
-------------------------------
Epoch 24
-------------------------------
Epoch 25
-------------------------------
Epoch 26
-------------------------------
Epoch 27
-------------------------------
Epoch 28
-------------------------------
Epoch 29
-------------------------------
Epoch 30
-------------------------------
Epoch 31
-------------------------------
Epoch 32
-------------------------------
Epoch 33
-------------------------------
Epoch 34
-------------------------------
Epoch 35
-------------------------------
Epoch 36
-------------------------------
Epoch 37
-------------------------------
Epoch 38
-------------------------------
Epoch 39
-------------------------------
Epoch 40
-------------------------------
Epoch 41
-------------------------------
Epoch 42
-------------------------------
Epoch 43
-------------------------------
Epoch 44
-------------------------------
Epoch 45
-------------------------------
Epoch 46
-------------------------------
Epoch 47
-------------------------------
Epoch 48
-------------------------------
Epoch 49
-------------------------------
Epoch 50
-------------------------------
Epoch 51
-------------------------------
Epoch 52
-------------------------------
Epoch 53
-------------------------------
Epoch 54
-------------------------------
Epoch 55
-------------------------------
Epoch 56
-------------------------------
Epoch 57
-------------------------------
Epoch 58
-------------------------------
Epoch 59
-------------------------------
Epoch 60
-------------------------------
Epoch 61
-------------------------------
Epoch 62
-------------------------------
Epoch 63
-------------------------------
Epoch 64
-------------------------------
Epoch 65
-------------------------------
Epoch 66
-------------------------------
Epoch 67
-------------------------------
Epoch 68
-------------------------------
Epoch 69
-------------------------------
Epoch 70
-------------------------------
Epoch 71
-------------------------------
Epoch 72
-------------------------------
Epoch 73
-------------------------------
Epoch 74
-------------------------------
Epoch 75
-------------------------------
Epoch 76
-------------------------------
Epoch 77
-------------------------------
Epoch 78
-------------------------------
Epoch 79
-------------------------------
Epoch 80
-------------------------------
Epoch 81
-------------------------------
Epoch 82
-------------------------------
Epoch 83
-------------------------------
Epoch 84
-------------------------------
Epoch 85
-------------------------------
Epoch 86
-------------------------------
Epoch 87
-------------------------------
Epoch 88
-------------------------------
Epoch 89
-------------------------------
Epoch 90
-------------------------------
Epoch 91
-------------------------------
Epoch 92
-------------------------------
Epoch 93
-------------------------------
Epoch 94
-------------------------------
Epoch 95
-------------------------------
Epoch 96
-------------------------------
Epoch 97
-------------------------------
Epoch 98
-------------------------------
Epoch 99
-------------------------------
Epoch 100
-------------------------------
Epoch 1
-------------------------------
Epoch 2
-------------------------------
Epoch 3
-------------------------------
Epoch 4
-------------------------------
Epoch 5
-------------------------------
Epoch 6
-------------------------------
Epoch 7
-------------------------------
Epoch 8
-------------------------------
Epoch 9
-------------------------------
Epoch 10
-------------------------------
Epoch 11
-------------------------------
Epoch 12
-------------------------------
Epoch 13
-------------------------------
Epoch 14
-------------------------------
Epoch 15
-------------------------------
Epoch 16
-------------------------------
Epoch 17
-------------------------------
Epoch 18
-------------------------------
Epoch 19
-------------------------------
Epoch 20
-------------------------------
Epoch 21
-------------------------------
Epoch 22
-------------------------------
Epoch 23
-------------------------------
Epoch 24
-------------------------------
Epoch 25
-------------------------------
Epoch 26
-------------------------------
Epoch 27
-------------------------------
Epoch 28
-------------------------------
Epoch 29
-------------------------------
Epoch 30
-------------------------------
Epoch 31
-------------------------------
Epoch 32
-------------------------------
Epoch 33
-------------------------------
Epoch 34
-------------------------------
Epoch 35
-------------------------------
Epoch 36
-------------------------------
Epoch 37
-------------------------------
Epoch 38
-------------------------------
Epoch 39
-------------------------------
Epoch 40
-------------------------------
Epoch 41
-------------------------------
Epoch 42
-------------------------------
Epoch 43
-------------------------------
Epoch 44
-------------------------------
Epoch 45
-------------------------------
Epoch 46
-------------------------------
Epoch 47
-------------------------------
Epoch 48
-------------------------------
Epoch 49
-------------------------------
Epoch 50
-------------------------------
Epoch 51
-------------------------------
Epoch 52
-------------------------------
Epoch 53
-------------------------------
Epoch 54
-------------------------------
Epoch 55
-------------------------------
Epoch 56
-------------------------------
Epoch 57
-------------------------------
Epoch 58
-------------------------------
Epoch 59
-------------------------------
Epoch 60
-------------------------------
Epoch 61
-------------------------------
Epoch 62
-------------------------------
Epoch 63
-------------------------------
Epoch 64
-------------------------------
Epoch 65
-------------------------------
Epoch 66
-------------------------------
Epoch 67
-------------------------------
Epoch 68
-------------------------------
Epoch 69
-------------------------------
Epoch 70
-------------------------------
Epoch 71
-------------------------------
Epoch 72
-------------------------------
Epoch 73
-------------------------------
Epoch 74
-------------------------------
Epoch 75
-------------------------------
Epoch 76
-------------------------------
Epoch 77
-------------------------------
Epoch 78
-------------------------------
Epoch 79
-------------------------------
Epoch 80
-------------------------------
Epoch 81
-------------------------------
Epoch 82
-------------------------------
Epoch 83
-------------------------------
Epoch 84
-------------------------------
Epoch 85
-------------------------------
Epoch 86
-------------------------------
Epoch 87
-------------------------------
Epoch 88
-------------------------------
Epoch 89
-------------------------------
Epoch 90
-------------------------------
Epoch 91
-------------------------------
Epoch 92
-------------------------------
Epoch 93
-------------------------------
Epoch 94
-------------------------------
Epoch 95
-------------------------------
Epoch 96
-------------------------------
Epoch 97
-------------------------------
Epoch 98
-------------------------------
Epoch 99
-------------------------------
Epoch 100
-------------------------------
Epoch 1
-------------------------------
/storage/projects2/e17-4yp-compreh-ecg-analysis/minicondaInst/envs/test/lib/python3.11/site-packages/torch/nn/modules/loss.py:536: UserWarning: Using a target size (torch.Size([512])) that is different to the input size (torch.Size([512, 1])). This will likely lead to incorrect results due to broadcasting. Please ensure they have the same size.
  return F.mse_loss(input, target, reduction=self.reduction)
/storage/projects2/e17-4yp-compreh-ecg-analysis/minicondaInst/envs/test/lib/python3.11/site-packages/torch/nn/modules/loss.py:536: UserWarning: Using a target size (torch.Size([272])) that is different to the input size (torch.Size([272, 1])). This will likely lead to incorrect results due to broadcasting. Please ensure they have the same size.
  return F.mse_loss(input, target, reduction=self.reduction)
/storage/projects2/e17-4yp-compreh-ecg-analysis/minicondaInst/envs/test/lib/python3.11/site-packages/torch/nn/modules/loss.py:536: UserWarning: Using a target size (torch.Size([452])) that is different to the input size (torch.Size([452, 1])). This will likely lead to incorrect results due to broadcasting. Please ensure they have the same size.
  return F.mse_loss(input, target, reduction=self.reduction)
Epoch 2
-------------------------------
Epoch 3
-------------------------------
Epoch 4
-------------------------------
Epoch 5
-------------------------------
Epoch 6
-------------------------------
Epoch 7
-------------------------------
Epoch 8
-------------------------------
Epoch 9
-------------------------------
Epoch 10
-------------------------------
Epoch 11
-------------------------------
Epoch 12
-------------------------------
Epoch 13
-------------------------------
Epoch 14
-------------------------------
Epoch 15
-------------------------------
Epoch 16
-------------------------------
Epoch 17
-------------------------------
Epoch 18
-------------------------------
Epoch 19
-------------------------------
Epoch 20
-------------------------------
Epoch 21
-------------------------------
Epoch 22
-------------------------------
Epoch 23
-------------------------------
Epoch 24
-------------------------------
Epoch 25
-------------------------------
Epoch 26
-------------------------------
Epoch 27
-------------------------------
Epoch 28
-------------------------------
Epoch 29
-------------------------------
Epoch 30
-------------------------------
Epoch 31
-------------------------------
Epoch 32
-------------------------------
Epoch 33
-------------------------------
Epoch 34
-------------------------------
Epoch 35
-------------------------------
Epoch 36
-------------------------------
Epoch 37
-------------------------------
Epoch 38
-------------------------------
Epoch 39
-------------------------------
Epoch 40
-------------------------------
Epoch 41
-------------------------------
Epoch 42
-------------------------------
Epoch 43
-------------------------------
Epoch 44
-------------------------------
Epoch 45
-------------------------------
Epoch 46
-------------------------------
Epoch 47
-------------------------------
Epoch 48
-------------------------------
Epoch 49
-------------------------------
Epoch 50
-------------------------------
Epoch 51
-------------------------------
Epoch 52
-------------------------------
Epoch 53
-------------------------------
Epoch 54
-------------------------------
Epoch 55
-------------------------------
Epoch 56
-------------------------------
Epoch 57
-------------------------------
Epoch 58
-------------------------------
Epoch 59
-------------------------------
Epoch 60
-------------------------------
Epoch 61
-------------------------------
Epoch 62
-------------------------------
Epoch 63
-------------------------------
Epoch 64
-------------------------------
Epoch 65
-------------------------------
Epoch 66
-------------------------------
Epoch 67
-------------------------------
Epoch 68
-------------------------------
Epoch 69
-------------------------------
Epoch 70
-------------------------------
Epoch 71
-------------------------------
Epoch 72
-------------------------------
Epoch 73
-------------------------------
Epoch 74
-------------------------------
Epoch 75
-------------------------------
Epoch 76
-------------------------------
Epoch 77
-------------------------------
Epoch 78
-------------------------------
Epoch 79
-------------------------------
Epoch 80
-------------------------------
Epoch 81
-------------------------------
Epoch 82
-------------------------------
Epoch 83
-------------------------------
Epoch 84
-------------------------------
Epoch 85
-------------------------------
Epoch 86
-------------------------------
Epoch 87
-------------------------------
Epoch 88
-------------------------------
Epoch 89
-------------------------------
Epoch 90
-------------------------------
Epoch 91
-------------------------------
Epoch 92
-------------------------------
Epoch 93
-------------------------------
Epoch 94
-------------------------------
Epoch 95
-------------------------------
Epoch 96
-------------------------------
Epoch 97
-------------------------------
Epoch 98
-------------------------------
Epoch 99
-------------------------------
Epoch 100
-------------------------------
Epoch 1
-------------------------------
Epoch 2
-------------------------------
Epoch 3
-------------------------------
Epoch 4
-------------------------------
Epoch 5
-------------------------------
Epoch 6
-------------------------------
Epoch 7
-------------------------------
Epoch 8
-------------------------------
Epoch 9
-------------------------------
Epoch 10
-------------------------------
Epoch 11
-------------------------------
Epoch 12
-------------------------------
Epoch 13
-------------------------------
Epoch 14
-------------------------------
Epoch 15
-------------------------------
Epoch 16
-------------------------------
Epoch 17
-------------------------------
Epoch 18
-------------------------------
Epoch 19
-------------------------------
Epoch 20
-------------------------------
Epoch 21
-------------------------------
Epoch 22
-------------------------------
Epoch 23
-------------------------------
Epoch 24
-------------------------------
Epoch 25
-------------------------------
Epoch 26
-------------------------------
Epoch 27
-------------------------------
Epoch 28
-------------------------------
Epoch 29
-------------------------------
Epoch 30
-------------------------------
Epoch 31
-------------------------------
Epoch 32
-------------------------------
Epoch 33
-------------------------------
Epoch 34
-------------------------------
Epoch 35
-------------------------------
Epoch 36
-------------------------------
Epoch 37
-------------------------------
Epoch 38
-------------------------------
Epoch 39
-------------------------------
Epoch 40
-------------------------------
Epoch 41
-------------------------------
Epoch 42
-------------------------------
Epoch 43
-------------------------------
Epoch 44
-------------------------------
Epoch 45
-------------------------------
Epoch 46
-------------------------------
Epoch 47
-------------------------------
Epoch 48
-------------------------------
Epoch 49
-------------------------------
Epoch 50
-------------------------------
Epoch 51
-------------------------------
Epoch 52
-------------------------------
Epoch 53
-------------------------------
Epoch 54
-------------------------------
Epoch 55
-------------------------------
Epoch 56
-------------------------------
Epoch 57
-------------------------------
Epoch 58
-------------------------------
Epoch 59
-------------------------------
Epoch 60
-------------------------------
Epoch 61
-------------------------------
Epoch 62
-------------------------------
Epoch 63
-------------------------------
Epoch 64
-------------------------------
Epoch 65
-------------------------------
Epoch 66
-------------------------------
Epoch 67
-------------------------------
Epoch 68
-------------------------------
Epoch 69
-------------------------------
Epoch 70
-------------------------------
Epoch 71
-------------------------------
Epoch 72
-------------------------------
Epoch 73
-------------------------------
Epoch 74
-------------------------------
Epoch 75
-------------------------------
Epoch 76
-------------------------------
Epoch 77
-------------------------------
Epoch 78
-------------------------------
Epoch 79
-------------------------------
Epoch 80
-------------------------------
Epoch 81
-------------------------------
Epoch 82
-------------------------------
Epoch 83
-------------------------------
Epoch 84
-------------------------------
Epoch 85
-------------------------------
Epoch 86
-------------------------------
Epoch 87
-------------------------------
Epoch 88
-------------------------------
Epoch 89
-------------------------------
Epoch 90
-------------------------------
Epoch 91
-------------------------------
Epoch 92
-------------------------------
Epoch 93
-------------------------------
Epoch 94
-------------------------------
Epoch 95
-------------------------------
Epoch 96
-------------------------------
Epoch 97
-------------------------------
Epoch 98
-------------------------------
Epoch 99
-------------------------------
Epoch 100
-------------------------------
Epoch 1
-------------------------------
Epoch 2
-------------------------------
Epoch 3
-------------------------------
Epoch 4
-------------------------------
Epoch 5
-------------------------------
Epoch 6
-------------------------------
Epoch 7
-------------------------------
Epoch 8
-------------------------------
Epoch 9
-------------------------------
Epoch 10
-------------------------------
Epoch 11
-------------------------------
Epoch 12
-------------------------------
Epoch 13
-------------------------------
Epoch 14
-------------------------------
Epoch 15
-------------------------------
Epoch 16
-------------------------------
Epoch 17
-------------------------------
Epoch 18
-------------------------------
Epoch 19
-------------------------------
Epoch 20
-------------------------------
Epoch 21
-------------------------------
Epoch 22
-------------------------------
Epoch 23
-------------------------------
Epoch 24
-------------------------------
Epoch 25
-------------------------------
Epoch 26
-------------------------------
Epoch 27
-------------------------------
Epoch 28
-------------------------------
Epoch 29
-------------------------------
Epoch 30
-------------------------------
Epoch 31
-------------------------------
Epoch 32
-------------------------------
Epoch 33
-------------------------------
Epoch 34
-------------------------------
Epoch 35
-------------------------------
Epoch 36
-------------------------------
Epoch 37
-------------------------------
Epoch 38
-------------------------------
Epoch 39
-------------------------------
Epoch 40
-------------------------------
Epoch 41
-------------------------------
Epoch 42
-------------------------------
Epoch 43
-------------------------------
Epoch 44
-------------------------------
Epoch 45
-------------------------------
Epoch 46
-------------------------------
Epoch 47
-------------------------------
Epoch 48
-------------------------------
Epoch 49
-------------------------------
Epoch 50
-------------------------------
Epoch 51
-------------------------------
Epoch 52
-------------------------------
Epoch 53
-------------------------------
Epoch 54
-------------------------------
Epoch 55
-------------------------------
Epoch 56
-------------------------------
Epoch 57
-------------------------------
Epoch 58
-------------------------------
Epoch 59
-------------------------------
Epoch 60
-------------------------------
Epoch 61
-------------------------------
Epoch 62
-------------------------------
Epoch 63
-------------------------------
Epoch 64
-------------------------------
Epoch 65
-------------------------------
Epoch 66
-------------------------------
Epoch 67
-------------------------------
Epoch 68
-------------------------------
Epoch 69
-------------------------------
Epoch 70
-------------------------------
Epoch 71
-------------------------------
Epoch 72
-------------------------------
Epoch 73
-------------------------------
Epoch 74
-------------------------------
Epoch 75
-------------------------------
Epoch 76
-------------------------------
Epoch 77
-------------------------------
Epoch 78
-------------------------------
Epoch 79
-------------------------------
Epoch 80
-------------------------------
Epoch 81
-------------------------------
Epoch 82
-------------------------------
Epoch 83
-------------------------------
Epoch 84
-------------------------------
Epoch 85
-------------------------------
Epoch 86
-------------------------------
Epoch 87
-------------------------------
Epoch 88
-------------------------------
Epoch 89
-------------------------------
Epoch 90
-------------------------------
Epoch 91
-------------------------------
Epoch 92
-------------------------------
Epoch 93
-------------------------------
Epoch 94
-------------------------------
Epoch 95
-------------------------------
Epoch 96
-------------------------------
Epoch 97
-------------------------------
Epoch 98
-------------------------------
Epoch 99
-------------------------------
Epoch 100
-------------------------------
